#
#model:
#
#<?xml version="1.0" encoding="UTF-8" standalone="no"?><input id="posterior" spec="beast.base.inference.CompoundDistribution">
#    <distribution id="prior" spec="beast.base.inference.CompoundDistribution">
#        <distribution id="CalibratedYuleModel.t:tree" spec="beast.base.evolution.speciation.CalibratedYuleModel">
#            <parameter id="birthRateY.t:tree" lower="0.0" name="birthRate" spec="beast.base.inference.parameter.RealParameter">1.0</parameter>
#            <tree id="Tree.t:tree" spec="beast.base.evolution.tree.Tree">
#                <taxonset id="TaxonSet.noncoding" spec="beast.base.evolution.alignment.TaxonSet">
#                    <alignment filter="1,458-659,897-898" id="noncoding" spec="beast.base.evolution.alignment.FilteredAlignment">
#                    </alignment>
#                </taxonset>
#            </tree>
#        </distribution>
#        <prior id="CalibratedYuleBirthRatePrior.t:tree" name="distribution" x="@birthRateY.t:tree">
#            <Gamma id="Gamma.0" name="distr">
#                <parameter estimate="false" id="RealParameter.7" name="alpha" spec="beast.base.inference.parameter.RealParameter">0.001</parameter>
#                <parameter estimate="false" id="RealParameter.8" name="beta" spec="beast.base.inference.parameter.RealParameter">1000.0</parameter>
#            </Gamma>
#        </prior>
#        <prior id="ClockPrior.c:clock" name="distribution">
#            <parameter id="clockRate.c:clock" lower="0.0" name="x" spec="beast.base.inference.parameter.RealParameter">1.0</parameter>
#            <Uniform id="Uniform.0" name="distr" upper="Infinity"/>
#        </prior>
#        <prior id="GammaShapePrior.s:1stpos" name="distribution">
#            <parameter id="gammaShape.s:1stpos" lower="0.1" name="x" spec="beast.base.inference.parameter.RealParameter">1.0</parameter>
#            <Exponential id="Exponential.0.1stpos" name="distr">
#                <parameter estimate="false" id="RealParameter.0.1stpos" name="mean" spec="beast.base.inference.parameter.RealParameter">1.0</parameter>
#            </Exponential>
#        </prior>
#        <prior id="GammaShapePrior.s:2ndpos" name="distribution">
#            <parameter id="gammaShape.s:2ndpos" lower="0.1" name="x" spec="beast.base.inference.parameter.RealParameter">1.0</parameter>
#            <Exponential id="Exponential.0.2ndpos" name="distr">
#                <parameter estimate="false" id="RealParameter.0.2ndpos" name="mean" spec="beast.base.inference.parameter.RealParameter">1.0</parameter>
#            </Exponential>
#        </prior>
#        <prior id="GammaShapePrior.s:3rdpos" name="distribution">
#            <parameter id="gammaShape.s:3rdpos" lower="0.1" name="x" spec="beast.base.inference.parameter.RealParameter">1.0</parameter>
#            <Exponential id="Exponential.0.3rdpos" name="distr">
#                <parameter estimate="false" id="RealParameter.0.3rdpos" name="mean" spec="beast.base.inference.parameter.RealParameter">1.0</parameter>
#            </Exponential>
#        </prior>
#        <prior id="GammaShapePrior.s:noncoding" name="distribution">
#            <parameter id="gammaShape.s:noncoding" lower="0.1" name="x" spec="beast.base.inference.parameter.RealParameter">1.0</parameter>
#            <Exponential id="Exponential.0" name="distr">
#                <parameter estimate="false" id="RealParameter.0" name="mean" spec="beast.base.inference.parameter.RealParameter">1.0</parameter>
#            </Exponential>
#        </prior>
#        <prior id="KappaPrior.s:1stpos" name="distribution">
#            <parameter id="kappa.s:1stpos" lower="0.0" name="x" spec="beast.base.inference.parameter.RealParameter">2.0</parameter>
#            <LogNormal id="LogNormalDistributionModel.0.1stpos" name="distr">
#                <parameter estimate="false" id="RealParameter.4.1stpos" name="M" spec="beast.base.inference.parameter.RealParameter">1.0</parameter>
#                <parameter estimate="false" id="RealParameter.5.1stpos" name="S" spec="beast.base.inference.parameter.RealParameter">1.25</parameter>
#            </LogNormal>
#        </prior>
#        <prior id="KappaPrior.s:2ndpos" name="distribution">
#            <parameter id="kappa.s:2ndpos" lower="0.0" name="x" spec="beast.base.inference.parameter.RealParameter">2.0</parameter>
#            <LogNormal id="LogNormalDistributionModel.0.2ndpos" name="distr">
#                <parameter estimate="false" id="RealParameter.4.2ndpos" name="M" spec="beast.base.inference.parameter.RealParameter">1.0</parameter>
#                <parameter estimate="false" id="RealParameter.5.2ndpos" name="S" spec="beast.base.inference.parameter.RealParameter">1.25</parameter>
#            </LogNormal>
#        </prior>
#        <prior id="KappaPrior.s:3rdpos" name="distribution">
#            <parameter id="kappa.s:3rdpos" lower="0.0" name="x" spec="beast.base.inference.parameter.RealParameter">2.0</parameter>
#            <LogNormal id="LogNormalDistributionModel.0.3rdpos" name="distr">
#                <parameter estimate="false" id="RealParameter.4.3rdpos" name="M" spec="beast.base.inference.parameter.RealParameter">1.0</parameter>
#                <parameter estimate="false" id="RealParameter.5.3rdpos" name="S" spec="beast.base.inference.parameter.RealParameter">1.25</parameter>
#            </LogNormal>
#        </prior>
#        <prior id="KappaPrior.s:noncoding" name="distribution">
#            <parameter id="kappa.s:noncoding" lower="0.0" name="x" spec="beast.base.inference.parameter.RealParameter">2.0</parameter>
#            <LogNormal id="LogNormalDistributionModel.0" name="distr">
#                <parameter estimate="false" id="RealParameter.4" name="M" spec="beast.base.inference.parameter.RealParameter">1.0</parameter>
#                <parameter estimate="false" id="RealParameter.5" name="S" spec="beast.base.inference.parameter.RealParameter">1.25</parameter>
#            </LogNormal>
#        </prior>
#        <distribution id="human-chimp.prior" monophyletic="true" spec="beast.base.evolution.tree.MRCAPrior" tree="@Tree.t:tree">
#            <taxonset id="human-chimp" spec="beast.base.evolution.alignment.TaxonSet">
#                <taxon id="Pan" spec="beast.base.evolution.alignment.Taxon"/>
#                <taxon id="Homo_sapiens" spec="beast.base.evolution.alignment.Taxon"/>
#            </taxonset>
#            <Normal id="Normal.0" name="distr">
#                <parameter estimate="false" id="RealParameter.9" name="mean" spec="beast.base.inference.parameter.RealParameter">6.0</parameter>
#                <parameter estimate="false" id="RealParameter.10" name="sigma" spec="beast.base.inference.parameter.RealParameter">0.5</parameter>
#            </Normal>
#        </distribution>
#    </distribution>
#    <distribution id="likelihood" spec="beast.base.inference.CompoundDistribution" useThreads="true">
#        <distribution data="@noncoding" id="treeLikelihood.noncoding" spec="beast.base.evolution.likelihood.ThreadedTreeLikelihood" tree="@Tree.t:tree">
#            <siteModel gammaCategoryCount="4" id="SiteModel.s:noncoding" shape="@gammaShape.s:noncoding" spec="beast.base.evolution.sitemodel.SiteModel">
#                <parameter id="mutationRate.s:noncoding" lower="0.0" name="mutationRate" spec="beast.base.inference.parameter.RealParameter">1.0</parameter>
#                <parameter estimate="false" id="proportionInvariant.s:noncoding" lower="0.0" name="proportionInvariant" spec="beast.base.inference.parameter.RealParameter" upper="1.0">0.0</parameter>
#                <substModel id="hky.s:noncoding" kappa="@kappa.s:noncoding" spec="beast.base.evolution.substitutionmodel.HKY">
#                    <frequencies data="@noncoding" id="empiricalFreqs.s:noncoding" spec="beast.base.evolution.substitutionmodel.Frequencies"/>
#                </substModel>
#            </siteModel>
#            <branchRateModel clock.rate="@clockRate.c:clock" id="StrictClock.c:clock" spec="beast.base.evolution.branchratemodel.StrictClockModel"/>
#        </distribution>
#        <distribution branchRateModel="@StrictClock.c:clock" id="treeLikelihood.1stpos" spec="beast.base.evolution.likelihood.ThreadedTreeLikelihood" tree="@Tree.t:tree">
#            <data data="@primate-mtDNA" filter="2-457\3,660-896\3" id="1stpos" spec="beast.base.evolution.alignment.FilteredAlignment"/>
#            <siteModel gammaCategoryCount="4" id="SiteModel.s:1stpos" shape="@gammaShape.s:1stpos" spec="beast.base.evolution.sitemodel.SiteModel">
#                <parameter id="mutationRate.s:1stpos" lower="0.0" name="mutationRate" spec="beast.base.inference.parameter.RealParameter">1.0</parameter>
#                <parameter estimate="false" id="proportionInvariant.s:1stpos" lower="0.0" name="proportionInvariant" spec="beast.base.inference.parameter.RealParameter" upper="1.0">0.0</parameter>
#                <substModel id="hky.s:1stpos" kappa="@kappa.s:1stpos" spec="beast.base.evolution.substitutionmodel.HKY">
#                    <frequencies data="@1stpos" id="empiricalFreqs.s:1stpos" spec="beast.base.evolution.substitutionmodel.Frequencies"/>
#                </substModel>
#            </siteModel>
#        </distribution>
#        <distribution branchRateModel="@StrictClock.c:clock" id="treeLikelihood.2ndpos" spec="beast.base.evolution.likelihood.ThreadedTreeLikelihood" tree="@Tree.t:tree">
#            <data data="@primate-mtDNA" filter="3-457\3,661-896\3" id="2ndpos" spec="beast.base.evolution.alignment.FilteredAlignment"/>
#            <siteModel gammaCategoryCount="4" id="SiteModel.s:2ndpos" shape="@gammaShape.s:2ndpos" spec="beast.base.evolution.sitemodel.SiteModel">
#                <parameter id="mutationRate.s:2ndpos" lower="0.0" name="mutationRate" spec="beast.base.inference.parameter.RealParameter">1.0</parameter>
#                <parameter estimate="false" id="proportionInvariant.s:2ndpos" lower="0.0" name="proportionInvariant" spec="beast.base.inference.parameter.RealParameter" upper="1.0">0.0</parameter>
#                <substModel id="hky.s:2ndpos" kappa="@kappa.s:2ndpos" spec="beast.base.evolution.substitutionmodel.HKY">
#                    <frequencies data="@2ndpos" id="empiricalFreqs.s:2ndpos" spec="beast.base.evolution.substitutionmodel.Frequencies"/>
#                </substModel>
#            </siteModel>
#        </distribution>
#        <distribution branchRateModel="@StrictClock.c:clock" id="treeLikelihood.3rdpos" spec="beast.base.evolution.likelihood.ThreadedTreeLikelihood" tree="@Tree.t:tree">
#            <data data="@primate-mtDNA" filter="4-457\3,662-.\3" id="3rdpos" spec="beast.base.evolution.alignment.FilteredAlignment"/>
#            <siteModel gammaCategoryCount="4" id="SiteModel.s:3rdpos" shape="@gammaShape.s:3rdpos" spec="beast.base.evolution.sitemodel.SiteModel">
#                <parameter id="mutationRate.s:3rdpos" lower="0.0" name="mutationRate" spec="beast.base.inference.parameter.RealParameter">1.0</parameter>
#                <parameter estimate="false" id="proportionInvariant.s:3rdpos" lower="0.0" name="proportionInvariant" spec="beast.base.inference.parameter.RealParameter" upper="1.0">0.0</parameter>
#                <substModel id="hky.s:3rdpos" kappa="@kappa.s:3rdpos" spec="beast.base.evolution.substitutionmodel.HKY">
#                    <frequencies data="@3rdpos" id="empiricalFreqs.s:3rdpos" spec="beast.base.evolution.substitutionmodel.Frequencies"/>
#                </substModel>
#            </siteModel>
#        </distribution>
#    </distribution>
#</input>
#
Sample	posterior	likelihood	prior	treeLikelihood.1stpos	treeLikelihood.2ndpos	treeLikelihood.3rdpos	treeLikelihood.noncoding	Tree.height	Tree.treeLength	mutationRate.1stpos	mutationRate.2ndpos	mutationRate.3rdpos	mutationRate.noncoding	gammaShape.1stpos	gammaShape.2ndpos	gammaShape.3rdpos	gammaShape.noncoding	kappa.1stpos	kappa.2ndpos	kappa.3rdpos	kappa.noncoding	CalibratedYuleModel	birthRateY	logP(mrca(human-chimp))	mrca.age(human-chimp)	clockRate
0	-8577.50041011489	-8512.376903719281	-65.12350639560874	-2159.6331300259912	-1646.3173218862678	-3162.1208144510133	-1544.3056373560091	2.2700092010777873	8.646113293590503	1.0	1.0	1.0	1.0	1.0	1.0	1.0	1.0	2.0	2.0	2.0	2.0	-2.4392157379031953	1.8270133881503938	-43.7048569450515	1.3374328105427384	1.0
100	-7666.427846900358	-7585.7311126831	-80.69673421725855	-2055.5647924634213	-1326.8403496362723	-2753.4341907353537	-1449.891779848053	2.227806989118482	10.611451522389405	1.7487349190230617	0.25126508097693834	1.0	1.0	1.0	1.0	1.0	1.0	2.0	2.0	2.0	2.0	-9.909857022395727	2.3795700130867483	-51.54291796350345	0.934571754981682	1.0
200	-6774.3104965478	-6679.572933605163	-94.73756294263708	-1744.3498774944428	-1161.256960077016	-2636.708305526366	-1137.2577905073372	1.172089743152532	6.399886195929105	1.7487349190230617	0.25126508097693834	1.0	1.0	1.0	1.0	1.0	0.5921379055951663	2.0	2.0	2.0	3.643174738736665	-5.755898682653657	2.3795700130867483	-69.54854500323273	0.11260865702865007	0.6335030824366878
300	-6686.055351740124	-6594.916843142731	-91.1385085973938	-1695.8472268957858	-1157.6593357821419	-2624.2210704132212	-1117.189210051582	0.8782861016507959	4.984552305341521	1.7487349190230617	0.25126508097693834	1.0	1.0	1.0	1.0	1.0	0.5921379055951663	2.0	2.0	2.0	3.643174738736665	-2.3345007828828757	2.380846998906427	-69.37035131560108	0.12018027644739965	0.6335030824366878
400	-6473.670199570963	-6373.906503297609	-99.76369627335401	-1599.7525402844017	-1106.3154771938905	-2533.452778868928	-1134.3857069503877	4.835007764626221	29.218615956322093	1.142058729442466	0.25126508097693834	1.0	1.6836204867956956	1.0	1.0	1.0	0.5921379055951663	2.0	2.0	2.0	3.643174738736665	-26.033077108345996	0.9449689329531175	-55.22153401810725	0.7561587235375574	0.11321029286568751
500	-6152.861841899942	-6060.5265884368055	-92.33525346313644	-1527.595199295918	-1030.667234124472	-2425.532330718443	-1076.731824297973	5.010375858770007	32.20319319519684	1.142058729442466	0.25126508097693834	1.4584754509539475	1.1669969298671012	1.0	1.0	1.0	0.5921379055951663	2.0	2.0	2.0	3.643174738736665	-20.903916864679886	0.34184250103057734	-53.93863972012831	0.8176815821736902	0.11321029286568751
600	-6001.7132678618755	-5907.562333264915	-94.1509345969604	-1436.950312769484	-1011.0911434457576	-2386.1967601121464	-1073.3241169375267	4.444445683002372	30.056945913997332	0.23659345370543317	0.25126508097693834	2.36394072669098	1.1669969298671012	1.0	1.0	1.734115604742398	0.5921379055951663	2.0	2.0	2.903955246994331	3.643174738736665	-20.23915829021469	0.34184250103057734	-55.340771052865925	0.7504771788180022	0.15701446527786095
700	-5924.339499626614	-5831.522052618224	-92.81744700839015	-1419.014438142321	-992.7928134698902	-2364.683185502479	-1055.031615503534	4.161379954389904	27.522991970500428	0.23659345370543317	0.25126508097693834	2.36394072669098	1.1669969298671012	1.0	1.0	1.734115604742398	0.5921379055951663	2.0	2.0	2.903955246994331	3.643174738736665	-19.423709998122597	0.32625549965739814	-54.869369966101665	0.772975099855706	0.15701446527786095
800	-5750.5881570170695	-5666.388099861799	-84.20005715527098	-1415.9693514337196	-986.8726379711395	-2305.8892996413438	-957.6568108155964	7.32532585263592	47.05969012998169	0.8371104326880086	0.25126508097693834	2.36394072669098	0.4903168218428333	1.0	1.0	1.734115604742398	0.237760331111685	2.0	2.0	2.903955246994331	7.3829629609104135	-24.52088720605846	0.2170272557125195	-40.91819269810662	1.4893237011806142	0.04955466002586882
900	-5724.320066122436	-5665.435306190499	-58.88475993193698	-1412.9414539959387	-990.537895499	-2304.5752419512382	-957.3807147443225	14.845221494492767	100.65093820560195	0.8371104326880086	0.25126508097693834	2.36394072669098	0.4903168218428333	1.0	1.0	1.734115604742398	0.237760331111685	2.0	2.0	2.903955246994331	7.3829629609104135	-32.27629937283665	0.08264860430100757	-8.812077272385789	3.928009903529814	0.020159778535645035
1000	-5720.347672873084	-5654.081738629171	-66.26593424391268	-1409.781479493675	-987.8948763370189	-2299.9722583506777	-956.4331244477996	15.758074374084558	97.15791328785046	0.8371104326880086	0.25126508097693834	2.36394072669098	0.4903168218428333	1.0	1.0	1.734115604742398	0.237760331111685	2.0	2.0	2.903955246994331	7.3829629609104135	-32.68947604148318	0.174287054643957	-15.034623641048352	3.2788943158705113	0.020159778535645035
1100	-5716.032151016409	-5652.089858786194	-63.942292230216005	-1410.999486508	-982.9422305412386	-2302.675721728679	-955.472420008276	18.51455203746602	109.42431728889147	0.8371104326880086	0.25126508097693834	2.36394072669098	0.4903168218428333	1.0	1.0	1.734115604742398	0.237760331111685	2.0	2.0	2.903955246994331	7.3829629609104135	-33.434991859708504	0.13801830631168582	-12.198586108956865	3.5532884562833997	0.020159778535645035
1200	-5710.851531738679	-5648.8407871681375	-62.010744570541455	-1412.5125346479656	-981.8909909759454	-2298.61263984971	-955.8246216945162	18.195167568667088	106.19775206592125	0.8371104326880086	0.25126508097693834	2.36394072669098	0.4903168218428333	1.0	1.0	1.734115604742398	0.237760331111685	2.0	2.0	2.903955246994331	7.3829629609104135	-32.95170206878862	0.07768148864578381	-11.324583150845974	3.6442844188865617	0.020159778535645035
1300	-5714.646803253493	-5650.261549346186	-64.3852539073067	-1412.2425185684688	-983.0687394667601	-2299.088003533274	-955.8622877776834	18.555100518209834	107.86973704538957	0.8371104326880086	0.25126508097693834	2.36394072669098	0.4903168218428333	1.0	1.0	1.734115604742398	0.237760331111685	2.0	2.0	2.903955246994331	7.3829629609104135	-33.506748929729895	0.14802267615185208	-12.499871542326916	3.5226949935784866	0.020159778535645035
1400	-5712.633644521455	-5653.036830049304	-59.596814472150925	-1414.951842769339	-979.8903993935838	-2302.254178651971	-955.9404092344099	21.060113350715486	120.43779740868553	0.8371104326880086	0.25126508097693834	2.36394072669098	0.4903168218428333	1.0	1.0	1.734115604742398	0.237760331111685	2.0	2.0	2.903955246994331	7.3829629609104135	-34.00842852786127	0.11213767824440453	-7.487148848813973	4.094565994823063	0.020159778535645035
1500	-5703.520396038874	-5646.092719523314	-57.427676515560066	-1410.1533569920268	-981.159448073061	-2300.4911886269088	-954.2887258313178	34.65299191945777	197.6354017334948	0.8371104326880086	0.25126508097693834	2.36394072669098	0.4903168218428333	1.0	1.0	1.734115604742398	0.29323499002586423	2.0	2.0	2.903955246994331	11.058453633028176	-38.994495489544974	0.04637756460924292	-0.44394966485123427	6.330271337090056	0.010914909895122822
1600	-5700.140290322467	-5641.435448081201	-58.704842241266746	-1410.961543797345	-979.5331991478231	-2298.518406986139	-952.4222981498934	33.81375697385479	197.27543546776693	0.8371104326880086	0.25126508097693834	2.245706590379966	0.6235465071493909	1.0	1.0	1.734115604742398	0.29323499002586423	2.0	2.0	2.903955246994331	11.058453633028176	-39.13813321465625	0.04637756460924292	-1.5774776654466374	5.177903195237352	0.010914909895122822
1700	-5698.516122124099	-5640.697248067742	-57.818874056356286	-1412.484757787136	-979.0925336962099	-2295.548930617155	-953.5710259672413	37.6004908761985	209.5300904429301	0.8371104326880086	0.25126508097693834	2.245706590379966	0.6235465071493909	1.0	1.0	1.734115604742398	0.29323499002586423	2.0	2.0	2.903955246994331	11.058453633028176	-39.59896842600915	0.04637756460924292	-0.23067426918327733	5.950588885164621	0.010914909895122822
1800	-5697.420083544586	-5639.6916525809675	-57.72843096361925	-1408.6536848517574	-983.2016500286882	-2295.977796541056	-951.8585211594661	32.91440910829923	190.90530808630035	0.8371104326880086	0.25126508097693834	2.245706590379966	0.6235465071493909	1.0	1.0	1.734115604742398	0.29323499002586423	2.0	2.0	2.903955246994331	11.058453633028176	-38.81078762309156	0.04637756460924292	-0.9284119793638376	5.407285639317255	0.010914909895122822
1900	-5701.541950936354	-5642.995126721173	-58.54682421518104	-1411.0956201247307	-983.5296384050324	-2295.90886264924	-952.4610055421692	33.29976346077645	190.63699295829278	0.8371104326880086	0.25126508097693834	2.245706590379966	0.6235465071493909	1.0	1.0	1.734115604742398	0.29323499002586423	2.0	2.0	2.903955246994331	11.058453633028176	-40.413118181863354	0.029211612562331297	-0.606279088844053	5.563830459454511	0.010914909895122822
2000	-5704.854106531932	-5644.963240062256	-59.890866469676304	-1412.8462962978244	-979.9822612535098	-2298.5522388186555	-953.5824436922655	40.619638631008954	212.67794825365462	0.8371104326880086	0.25126508097693834	2.245706590379966	0.6235465071493909	1.0	1.0	1.734115604742398	0.29323499002586423	2.0	2.0	2.903955246994331	11.058453633028176	-41.08240227599583	0.029211612562331297	-1.2810372492068427	5.273623411527424	0.010914909895122822
2100	-5697.879755775363	-5637.494438437919	-60.3853173374446	-1407.2045368853512	-980.4442441116972	-2297.4522396739762	-952.3934177668942	36.237769962184814	206.44107737749252	0.8371104326880086	0.25126508097693834	2.245706590379966	0.6235465071493909	1.0	1.0	1.734115604742398	0.29323499002586423	2.098740462133581	2.0	2.903955246994331	11.058453633028176	-40.916776783700875	0.029211612562331297	-1.9016441423605457	5.084616804361196	0.010914909895122822
2200	-5697.983400361131	-5638.093355131365	-59.890045229766315	-1408.3507550094184	-980.216148128239	-2297.003725017284	-952.5227269764223	35.749779506458495	202.52204127124207	0.8371104326880086	0.25126508097693834	2.245706590379966	0.6235465071493909	1.0	1.0	1.734115604742398	0.29323499002586423	2.098740462133581	2.0	2.903955246994331	11.058453633028176	-39.47642747180207	0.044433916373069995	-2.4276888216188315	4.950738957891292	0.010914909895122822
2300	-5700.308962282203	-5641.386254249235	-58.9227080329678	-1407.6542908287913	-979.769327889192	-2302.15010154526	-951.8125339859924	36.16557472121701	204.98890046458015	0.8371104326880086	0.25126508097693834	2.245706590379966	0.6235465071493909	1.0	1.0	1.734115604742398	0.29323499002586423	2.098740462133581	2.0	2.903955246994331	11.058453633028176	-39.45438413505766	0.058801598671383785	-1.2024947771462777	5.301178340167697	0.010914909895122822
2400	-5702.321319809734	-5641.611552361057	-60.70976744867658	-1407.505104289205	-981.299129377016	-2299.72106518077	-953.0862535140664	33.69044789400384	193.48864175610765	0.8371104326880086	0.25126508097693834	2.245706590379966	0.6235465071493909	1.0	1.0	1.734115604742398	0.29323499002586423	2.098740462133581	2.0	2.903955246994331	11.058453633028176	-38.882685350110016	0.058801598671383785	-3.561252977802702	4.7085934750904395	0.010914909895122822
2500	-5700.554031758618	-5638.1501726922315	-62.403859066387	-1404.7712420259045	-981.6333271836608	-2299.8794877071946	-951.8661157754717	33.28582072580842	185.64304785115044	0.8371104326880086	0.25126508097693834	2.245706590379966	0.6235465071493909	1.0	1.0	1.734115604742398	0.29323499002586423	2.098740462133581	2.0	2.903955246994331	11.058453633028176	-39.300497444422966	0.08552305455064824	-4.46326345604619	4.544412128485288	0.010914909895122822
2600	-5697.2605075878055	-5636.410753187094	-60.84975440071103	-1408.4068929208563	-980.6629812784832	-2295.5386428637626	-951.8022361239928	31.883882600189175	186.81490157760933	0.8371104326880086	0.25126508097693834	2.245706590379966	0.6235465071493909	1.0	1.0	1.734115604742398	0.29323499002586423	2.098740462133581	2.0	2.903955246994331	11.058453633028176	-39.526623305420394	0.0353734640363588	-3.565024302824109	4.70786360043156	0.010914909895122822
2700	-5698.64225409821	-5639.705715342886	-58.93653875532417	-1408.933588628486	-980.9110721832849	-2298.613158137251	-951.2478963938638	31.55916142177461	188.10107219833418	0.8371104326880086	0.25126508097693834	2.245706590379966	0.6235465071493909	1.0	1.0	1.734115604742398	0.29323499002586423	2.098740462133581	2.0	2.903955246994331	11.058453633028176	-39.524666929377105	0.0353734640363588	-1.6537650334805432	5.1550225799360625	0.010914909895122822
2800	-5642.619245912568	-5583.683565748697	-58.935680163870934	-1425.3940019965166	-977.2887594084272	-2224.0748698159873	-956.9259345277654	33.611270223353685	197.27264434700882	0.8371104326880086	0.25126508097693834	2.245706590379966	0.6235465071493909	1.0	1.0	2.438954535271342	0.29323499002586423	2.098740462133581	2.0	5.838864665911061	11.058453633028176	-38.95643652298151	0.04962744104769892	-0.29392952640211095	5.815421867820991	0.015838517284761062
2900	-5626.09829632145	-5563.6335239290365	-62.464772392413806	-1413.13252639365	-976.1009080314075	-2213.1466716403975	-961.2534178635817	37.58416344369115	219.72982368928774	0.8371104326880086	0.25126508097693834	2.245706590379966	0.6235465071493909	1.0	1.0	2.438954535271342	0.438075596045018	2.098740462133581	2.0	5.838864665911061	20.778897816846342	-40.14545642317226	0.04962744104769892	-1.1646754757326978	5.314841579235878	0.011289177917561795
3000	-5616.510592085453	-5554.473666404724	-62.036925680729006	-1410.1091965229	-977.4453854685361	-2213.631336740892	-953.2877476723959	38.30856798713101	213.84423236757996	0.8371104326880086	0.25126508097693834	2.245706590379966	0.6235465071493909	1.0	1.0	2.438954535271342	0.25254899240843115	2.098740462133581	2.0	5.838864665911061	15.240750767427318	-41.317440557716075	0.027839974335167213	-1.0105939120861942	5.373580588007736	0.01144930834276355
3100	-5614.776822656623	-5554.089271312293	-60.68755134433039	-1405.1057090306942	-977.300329469957	-2213.1133726406806	-958.5698601709611	37.46939440560605	212.6278395643585	0.5518570905016871	0.25126508097693834	2.245706590379966	0.9449783220032457	1.0	1.0	2.438954535271342	0.25254899240843115	2.098740462133581	2.0	5.838864665911061	15.240750767427318	-39.79154200115177	0.04689442320853876	-0.6661946569978665	5.5307435113111705	0.01144930834276355
3200	-5618.219848757627	-5556.307852916771	-61.911995840856775	-1401.7451878298205	-977.5058322741787	-2216.3991727775483	-960.6576600352234	39.255164962474666	231.90867400435798	0.5518570905016871	0.25126508097693834	2.245706590379966	0.9449783220032457	1.0	1.0	2.438954535271342	0.25254899240843115	2.098740462133581	2.0	5.838864665911061	15.240750767427318	-40.989329356729506	0.061586022087253854	-0.420573472144004	6.312075407152884	0.01144930834276355
3300	-5617.506604417141	-5556.243006915853	-61.263597501288004	-1404.2551138954043	-977.3086179122024	-2214.274519752396	-960.4047553558505	38.79157706912617	232.71510402298202	0.5518570905016871	0.25126508097693834	2.245706590379966	0.9449783220032457	1.0	1.0	2.438954535271342	0.25254899240843115	2.098740462133581	2.0	5.838864665911061	15.240750767427318	-41.03912584307224	0.03524807791278041	-0.27987089039452434	5.835562264443655	0.01144930834276355
3400	-5616.250873664199	-5554.3978211844205	-61.853052479778434	-1401.8245656158897	-977.8503780360198	-2214.8733255332863	-959.8495519992243	42.533960195697425	241.22820383699775	0.5518570905016871	0.25126508097693834	2.245706590379966	0.9449783220032457	1.0	1.0	2.438954535271342	0.25254899240843115	2.098740462133581	2.0	5.838864665911061	15.240750767427318	-41.21962887787742	0.03838298905220141	-0.603701534999931	5.565310350735606	0.01144930834276355
3500	-5617.34967207212	-5555.226601379072	-62.123070693047396	-1403.9287594121508	-976.9857235991766	-2214.82153215299	-959.4905862147548	41.84513086339084	235.99709708935694	0.5518570905016871	0.25126508097693834	2.245706590379966	0.9449783220032457	1.0	1.0	2.438954535271342	0.25254899240843115	2.098740462133581	2.0	5.838864665911061	15.240750767427318	-41.33190918925897	0.0333923461581974	-0.9005927911078624	5.419137951634325	0.01144930834276355
3600	-5617.11180243493	-5554.601855912117	-62.50994652281323	-1402.530668966396	-975.5403701651956	-2214.7203136963794	-961.810503084146	46.136270715228285	242.99761566178105	0.5518570905016871	0.25126508097693834	2.245706590379966	0.9449783220032457	0.6654781159953723	1.0	2.438954535271342	0.25254899240843115	2.098740462133581	2.0	5.838864665911061	15.240750767427318	-41.6026701091058	0.03312311081899863	-1.3593172247821288	5.247163406794874	0.01144930834276355
3700	-5612.087097143679	-5547.130459535456	-64.95663760822275	-1401.8770620593807	-976.5894081416869	-2209.408451497348	-959.2555378370406	39.52095096970987	225.13836324846383	0.5518570905016871	0.25126508097693834	2.245706590379966	0.9449783220032457	0.6654781159953723	1.0	4.02021382675141	0.25254899240843115	2.098740462133581	2.0	5.838864665911061	15.240750767427318	-41.04613365821794	0.0660468351612546	-2.0918098155210476	5.034075970151814	0.01144930834276355
3800	-5610.589040699454	-5548.024658941817	-62.5643817576372	-1403.4030510993575	-976.0776134272944	-2215.1404670924567	-953.4035273227082	43.01448864813403	230.13702322478662	0.5518570905016871	0.25126508097693834	2.6162503142709315	0.5274388087407433	0.6654781159953723	1.0	4.02021382675141	0.25254899240843115	2.098740462133581	2.0	5.838864665911061	15.240750767427318	-41.17049246778133	0.032557401094478466	-0.2818806804461518	5.832534588942337	0.01144930834276355
3900	-5610.274560934933	-5546.572545620851	-63.702015314081805	-1401.6436968028133	-975.2933361883618	-2217.0847849402608	-952.5507276894152	41.09865053839356	227.36449212943623	0.5518570905016871	0.25126508097693834	2.6162503142709315	0.5274388087407433	0.6654781159953723	1.0	4.02021382675141	0.25254899240843115	2.098740462133581	2.0	5.838864665911061	15.240750767427318	-41.14027681037682	0.032557401094478466	-1.449729894295265	5.217715351789856	0.01144930834276355
4000	-5610.2965971132635	-5545.8790444085225	-64.41755270474113	-1403.8800707144846	-977.1294129985462	-2210.632770284376	-954.2367904111161	37.97712756331765	212.9151358135749	0.5518570905016871	0.25126508097693834	2.6162503142709315	0.5274388087407433	0.6654781159953723	1.0	4.02021382675141	0.25254899240843115	2.098740462133581	2.0	5.838864665911061	15.240750767427318	-40.2540904150881	0.06610565859265609	-2.3438787508604677	4.970901511463616	0.01144930834276355
4100	-5613.828747872996	-5550.045266094738	-63.783481778258576	-1403.9876457412538	-978.9363257730241	-2213.625033747998	-953.4962608324623	36.439843657790526	212.95547018101	0.5518570905016871	0.25126508097693834	2.6162503142709315	0.5274388087407433	0.6654781159953723	1.0	4.02021382675141	0.25254899240843115	2.098740462133581	2.0	5.838864665911061	15.240750767427318	-40.15694472393077	0.06445289509963269	-1.8322495498728224	5.103769505866907	0.01144930834276355
4200	-5611.316664888228	-5547.520063971285	-63.79660091694269	-1402.1612944878789	-977.7229454123991	-2213.8705616479156	-953.7652624230913	41.460739372825316	223.53396161599608	0.5518570905016871	0.25126508097693834	2.6162503142709315	0.5274388087407433	0.6654781159953723	1.0	4.02021382675141	0.25254899240843115	2.098740462133581	2.0	5.838864665911061	15.240750767427318	-40.78061476605126	0.03540730671685174	-1.8201451207712456	5.107152373546718	0.01144930834276355
4300	-5610.853926276749	-5546.319557963921	-64.5343683128276	-1403.728707339191	-978.1950563681223	-2209.497317673413	-954.8984765831956	39.680909472970825	213.1242082599572	0.5518570905016871	0.25126508097693834	2.6162503142709315	0.5274388087407433	0.6654781159953723	1.0	4.02021382675141	0.25254899240843115	2.098740462133581	2.0	5.838864665911061	15.240750767427318	-40.79503277338215	0.031781648667178385	-2.6514192718192513	4.898721670245318	0.01144930834276355
4400	-5613.836978286696	-5549.5190851979805	-64.31789308871483	-1408.0827402103776	-976.3973224385132	-2211.4613417155406	-953.57768083355	44.145237462439056	228.0463649703117	0.5518570905016871	0.25126508097693834	2.6162503142709315	0.5274388087407433	0.6654781159953723	1.0	4.02021382675141	0.25254899240843115	2.098740462133581	2.0	5.838864665911061	15.240750767427318	-40.630891970418375	0.05158450662789139	-2.1152170491621134	5.028036601379099	0.01144930834276355
4500	-5612.704580569732	-5549.161398333545	-63.54318223618695	-1403.4958491083282	-977.5983138676463	-2214.2707613196035	-953.7964740379662	44.37944838519048	229.11940444774152	0.5518570905016871	0.25126508097693834	2.6162503142709315	0.5274388087407433	0.6654781159953723	1.0	4.02021382675141	0.25254899240843115	2.098740462133581	2.0	5.838864665911061	15.240750767427318	-41.70196865507722	0.028089065070951602	-0.8766861774359905	5.429520015780017	0.01144930834276355
4600	-5610.239335126614	-5547.712432711872	-62.52690241474198	-1402.9339816715067	-977.9658829080392	-2213.749947341219	-953.0626207911065	40.52256803429784	225.390163635175	0.5518570905016871	0.25126508097693834	2.6162503142709315	0.5274388087407433	0.6654781159953723	1.0	4.02021382675141	0.25254899240843115	2.098740462133581	2.0	5.838864665911061	15.240750767427318	-40.39229301825479	0.050152380648348496	-0.5909539885091926	5.572704647893015	0.01144930834276355
4700	-5607.609653154425	-5545.405998197882	-62.20365495654325	-1404.7178153677257	-978.4451930549076	-2208.861334017837	-953.3816557574112	39.31201281569523	212.8116676673279	0.5518570905016871	0.25126508097693834	2.6162503142709315	0.5274388087407433	0.6654781159953723	1.0	4.02021382675141	0.25254899240843115	2.098740462133581	2.0	5.838864665911061	15.240750767427318	-39.81268956587409	0.0471242298001509	-0.9095294141253659	5.415304326388232	0.01144930834276355
4800	-5608.97440628163	-5546.9245284981025	-62.04987778352699	-1404.032989217181	-979.1241803282626	-2210.88517968927	-952.8821792633881	39.265486668749425	214.83685225889369	0.5518570905016871	0.25126508097693834	2.6162503142709315	0.5274388087407433	0.6654781159953723	1.0	4.02021382675141	0.25254899240843115	2.098740462133581	2.0	5.838864665911061	15.240750767427318	-39.892532567853635	0.0471242298001509	-0.67590923912955	5.525596223410467	0.01144930834276355
4900	-5613.147344879099	-5549.051282238628	-64.09606264047117	-1407.2830801825141	-977.64164040017	-2210.993140588929	-953.1334210670144	38.62338422464945	213.73723203028243	0.5518570905016871	0.25126508097693834	2.6162503142709315	0.5274388087407433	0.6654781159953723	1.0	4.02021382675141	0.25254899240843115	2.098740462133581	2.0	5.838864665911061	15.240750767427318	-40.28974313357507	0.03758671628898224	-2.550803535345444	4.92180424256522	0.01144930834276355
5000	-5610.648940962866	-5545.861137326693	-64.78780363617253	-1406.248513560034	-976.8975971506668	-2210.013581128822	-952.7014454871703	37.73046755509549	210.63353231670075	0.5518570905016871	0.25126508097693834	2.6162503142709315	0.5274388087407433	0.6654781159953723	1.0	4.02021382675141	0.25254899240843115	2.098740462133581	2.0	5.838864665911061	15.240750767427318	-39.80333117177307	0.054860721631509846	-3.3511704240937794	4.749924188009173	0.01144930834276355
5100	-5608.825734522135	-5545.206027663582	-63.61970685855222	-1402.6305384680559	-977.8530342796529	-2211.701831308563	-953.0206236073103	36.8400763539961	206.02782111854768	0.5518570905016871	0.25126508097693834	2.6162503142709315	0.5274388087407433	0.6654781159953723	1.0	4.02021382675141	0.25254899240843115	2.098740462133581	2.0	5.838864665911061	15.240750767427318	-39.51915253009631	0.054860721631509846	-2.4672522881502292	4.941354418252855	0.01144930834276355
5200	-5612.523289434806	-5549.068057494383	-63.4552319404234	-1402.4401390859277	-976.5320793290929	-2216.5005995260294	-953.5952395533324	41.17264284613459	227.8727237477555	0.5518570905016871	0.25126508097693834	2.6162503142709315	0.5274388087407433	0.6654781159953723	1.0	4.02021382675141	0.25254899240843115	2.098740462133581	2.0	5.838864665911061	15.240750767427318	-41.200357665749785	0.032013568148380946	-1.1596942656063374	5.316661535927616	0.01144930834276355
5300	-5616.595545563836	-5552.510823698818	-64.08472186501744	-1402.675859488574	-975.4418335737691	-2214.6999236967	-959.6932069397748	44.2598136056344	247.2526544724616	0.5518570905016871	0.25126508097693834	2.2744883931522812	0.9125461442451733	0.6654781159953723	1.0	4.02021382675141	0.25254899240843115	2.098740462133581	2.0	5.838864665911061	15.240750767427318	-41.82108554815534	0.032013568148380946	-1.16845630779483	5.31346341861846	0.01144930834276355
5400	-5614.012834601808	-5547.575994339629	-66.4368402621796	-1404.7563183234108	-976.7145124587727	-2208.5118212543935	-957.5933423030519	39.48035415923451	217.03989513867234	0.5518570905016871	0.25126508097693834	2.2744883931522812	0.9125461442451733	0.6654781159953723	1.0	4.02021382675141	0.25254899240843115	2.098740462133581	2.0	5.838864665911061	15.240750767427318	-42.28784192345111	0.09043196004234078	-2.016360421560166	5.053805234395307	0.01144930834276355
5500	-5615.416468118817	-5550.860770282003	-64.55569783681368	-1405.581287226232	-978.6675970865513	-2208.2949177615915	-958.3169682076282	37.534661162514304	207.78015391128005	0.5518570905016871	0.25126508097693834	2.2744883931522812	0.9125461442451733	0.6654781159953723	1.0	4.02021382675141	0.25254899240843115	2.098740462133581	2.0	5.838864665911061	15.240750767427318	-41.368415937604475	0.09043196004234078	-1.0546439820408808	5.3562404837999855	0.01144930834276355
5600	-5618.176025747395	-5551.87842801525	-66.29759773214461	-1404.727585683967	-976.7735223559861	-2212.5659667325954	-957.8113532427016	41.753262851763495	224.85930345262625	0.5518570905016871	0.25126508097693834	2.2744883931522812	0.9125461442451733	0.6654781159953723	1.0	4.02021382675141	0.25254899240843115	2.098740462133581	2.0	5.838864665911061	15.240750767427318	-42.930894720977946	0.09043196004234078	-1.2340650939983346	5.289974035209413	0.01144930834276355
5700	-5609.743506021129	-5546.108439494584	-63.63506652654502	-1401.7237125727625	-975.8992309832988	-2211.328275388944	-957.1572205495785	39.03326282213479	224.35431922392934	0.5518570905016871	0.25126508097693834	2.2744883931522812	0.9125461442451733	0.6654781159953723	1.0	4.02021382675141	0.25254899240843115	2.098740462133581	2.0	5.838864665911061	15.240750767427318	-40.51211682018722	0.04096352584119585	-1.7814850300105785	5.118043743327978	0.01144930834276355
5800	-5607.212969033014	-5543.828246672884	-63.38472236012945	-1411.436547626544	-978.7355488362793	-2186.6716198414715	-966.9845303685894	34.299802901696005	204.78747400084941	0.5518570905016871	0.25126508097693834	2.2744883931522812	0.9125461442451733	0.6654781159953723	1.0	2.2987678529746116	0.25254899240843115	2.098740462133581	2.0	9.459853547976742	15.240750767427318	-40.01753166772771	0.07265235590474971	-2.381585796961283	4.961781707848355	0.01778103490189343
5900	-5591.358984566361	-5528.494391039957	-62.86459352640406	-1406.7635439504731	-975.2666008011054	-2182.7401882654412	-963.7240580229371	32.66145564345869	183.55337744299857	0.5518570905016871	0.25126508097693834	2.2744883931522812	0.9125461442451733	0.6654781159953723	1.0	2.2987678529746116	0.25254899240843115	2.098740462133581	2.0	9.459853547976742	15.240750767427318	-38.521284997003846	0.07265235590474971	-3.3577036339597526	4.748618307366808	0.01778103490189343
6000	-5590.369101216198	-5528.003200118553	-62.36590109764539	-1407.2267383174938	-975.2898289462973	-2183.179125183772	-962.3075076709895	29.902452377180154	170.16008490093523	0.5518570905016871	0.25126508097693834	2.2744883931522812	0.9125461442451733	0.6654781159953723	1.0	2.2987678529746116	0.25254899240843115	2.098740462133581	2.0	9.459853547976742	15.240750767427318	-37.855910393667045	0.04818209430195974	-3.934697933555339	4.638216870990353	0.01778103490189343
6100	-5591.733101124036	-5529.890333475274	-61.84276764876185	-1406.8725408107234	-976.629620849726	-2183.1790615500067	-963.2091102648175	31.35739495405718	178.13302067335687	0.5518570905016871	0.25126508097693834	2.2744883931522812	0.9125461442451733	0.6654781159953723	1.0	2.2987678529746116	0.25254899240843115	2.098740462133581	2.0	9.459853547976742	15.240750767427318	-38.21506300919629	0.04818209430195974	-3.0524118691425466	4.811172738263077	0.01778103490189343
6200	-5594.209033595157	-5532.130208196553	-62.078825398603634	-1411.6174398719932	-975.8220221272461	-2181.7983121010775	-962.8924340962361	41.18613825506819	227.0477158759939	0.5518570905016871	0.25126508097693834	2.2744883931522812	0.9125461442451733	0.6654781159953723	1.0	2.2987678529746116	0.25254899240843115	2.098740462133581	2.0	9.459853547976742	15.240750767427318	-40.490709981048674	0.04818209430195974	-1.0128226471319506	5.372691744639359	0.014282594280434957
6300	-5587.909415835702	-5522.288955696037	-65.6204601396644	-1405.7263185025538	-975.7235232695149	-2179.0427631964094	-961.7963507275592	38.998078600927265	211.93689952332835	0.5518570905016871	0.25126508097693834	2.2744883931522812	0.9125461442451733	0.6654781159953723	1.0	2.2987678529746116	0.25254899240843115	2.098740462133581	2.0	9.459853547976742	15.240750767427318	-43.036603315218116	0.020104571120088073	-2.8817583476976982	4.847618336866433	0.014282594280434957
6400	-5583.986579371867	-5519.470600780998	-64.51597859086861	-1403.2570313194526	-975.7209496912399	-2181.7063122233553	-958.7863075469498	53.18467150998306	283.6334950959635	0.5518570905016871	0.25126508097693834	2.2744883931522812	0.9125461442451733	0.6654781159953723	1.0	2.2987678529746116	0.25254899240843115	2.098740462133581	2.0	9.459853547976742	15.240750767427318	-43.58843765142743	0.0546771871196722	-0.2259090296040022	5.992329375537976	0.009288211068593849
6500	-5577.455051444574	-5512.951992113973	-64.50305933060118	-1402.6393258819803	-975.7272903847264	-2180.3395386733655	-954.2458371739	57.35114951703767	298.86361904866976	0.5518570905016871	0.25126508097693834	2.667969791691517	0.4691597878424245	0.6654781159953723	1.0	2.2987678529746116	0.25254899240843115	2.098740462133581	2.0	9.459853547976742	15.240750767427318	-43.290646500270654	0.03631649896517813	-0.9195645197637247	6.5889707832817335	0.009288211068593849
6600	-5573.179825990735	-5508.856568364466	-64.32325762626888	-1395.1709381041885	-976.765339564305	-2183.653685480735	-953.2666052152368	52.525133004224685	301.3788357628567	0.5518570905016871	0.25126508097693834	2.667969791691517	0.4691597878424245	0.6654781159953723	1.0	2.2987678529746116	0.25254899240843115	2.434016283029417	2.0	9.459853547976742	15.240750767427318	-43.480076718463934	0.03631649896517813	-0.4196330672923782	5.6886788517883415	0.009288211068593849
6700	-5573.216109032759	-5509.17517072284	-64.04093830991883	-1396.8687942443717	-975.959609839938	-2182.3700873404514	-953.9766792980795	52.89091531222482	299.04662105378964	0.5518570905016871	0.25126508097693834	2.667969791691517	0.4691597878424245	0.6654781159953723	1.0	2.2987678529746116	0.25254899240843115	2.434016283029417	2.0	9.459853547976742	15.240750767427318	-43.34479349335149	0.03631649896517813	-0.2725969760547783	6.152979775477105	0.009288211068593849
6800	-5572.476309721403	-5508.27648368912	-64.19982603228227	-1397.2486666676602	-975.2458800594316	-2182.9652965783844	-952.8166403836443	53.23528640053456	299.71591249865503	0.5518570905016871	0.25126508097693834	2.667969791691517	0.4691597878424245	0.6654781159953723	1.0	2.2987678529746116	0.25254899240843115	2.434016283029417	2.0	9.459853547976742	15.240750767427318	-43.351392088470526	0.03631649896517813	-0.42488610329918086	6.315511291917146	0.009288211068593849
6900	-5573.965164701522	-5509.256310636531	-64.7088540649902	-1399.5444620051333	-974.0481284627239	-2182.565862157046	-953.0978580116283	60.443253939328876	324.25157557249395	0.5518570905016871	0.25126508097693834	2.667969791691517	0.4691597878424245	0.6654781159953723	1.0	2.2987678529746116	0.25254899240843115	2.434016283029417	2.0	9.459853547976742	15.240750767427318	-44.2706433747821	0.029343777607559296	-0.22764826849472503	6.030470607558741	0.009288211068593849
7000	-5574.226228641286	-5510.690490358747	-63.53573828253911	-1399.2933912232152	-975.2847770226753	-2183.7865179713813	-952.3258041414753	50.05792635502857	283.3763850167376	0.5518570905016871	0.25126508097693834	2.667969791691517	0.4691597878424245	0.6654781159953723	1.0	2.2987678529746116	0.25254899240843115	2.434016283029417	2.0	9.459853547976742	15.240750767427318	-42.76820198106927	0.03852346289544802	-0.2850499227512219	6.172131592257921	0.009288211068593849
7100	-5574.136541532074	-5509.565389668838	-64.57115186323576	-1398.6473107839606	-974.8520969467849	-2183.259552827767	-952.8064291103256	50.570666337382406	290.4606792832702	0.5518570905016871	0.25126508097693834	2.667969791691517	0.4691597878424245	0.6654781159953723	1.0	2.2987678529746116	0.25254899240843115	2.434016283029417	2.0	9.459853547976742	15.240750767427318	-42.98441318646929	0.03852346289544802	-1.1042522980478595	6.66274465120555	0.009288211068593849
7200	-5573.2240284992795	-5508.765125925016	-64.4589025742631	-1398.683948172381	-973.8136443174803	-2184.305159037727	-951.9623743974277	54.540533439232284	303.92501469061256	0.5518570905016871	0.25126508097693834	2.667969791691517	0.4691597878424245	0.6654781159953723	1.0	2.2987678529746116	0.25254899240843115	2.434016283029417	2.0	9.459853547976742	15.240750767427318	-43.57918994259007	0.030515565945067213	-0.6300317995279014	6.449577828013779	0.009288211068593849
7300	-5574.59633989478	-5510.229968880822	-64.3663710139577	-1399.8175401370395	-975.0420012057234	-2183.0341961181357	-952.3362314199237	53.748500103503126	300.31317334466894	0.5518570905016871	0.25126508097693834	2.667969791691517	0.4691597878424245	0.6654781159953723	1.0	2.2987678529746116	0.25254899240843115	2.434016283029417	2.0	9.459853547976742	15.240750767427318	-43.54803426932146	0.030515565945067213	-0.5686559124911009	5.585956185986088	0.009288211068593849
7400	-5577.999264576337	-5513.326607898641	-64.67265667769641	-1401.6254905600622	-976.1306970686976	-2183.3571571879556	-952.2132630819253	55.95825537128649	300.71771988612767	0.5518570905016871	0.25126508097693834	2.667969791691517	0.4691597878424245	0.6654781159953723	1.0	2.2987678529746116	0.25254899240843115	2.434016283029417	2.0	9.459853547976742	15.240750767427318	-44.302491634228076	0.02263814583125388	-0.4187940483939878	5.6893533391864155	0.009288211068593849
7500	-5579.529525588781	-5515.218159409065	-64.31136617971647	-1400.7872699045206	-976.3019216867003	-2185.7460640162476	-952.3829038015974	58.48132518344287	307.9845547289601	0.5518570905016871	0.25126508097693834	2.667969791691517	0.4691597878424245	0.6654781159953723	1.0	2.2987678529746116	0.25254899240843115	2.434016283029417	2.0	9.459853547976742	15.240750767427318	-43.87781487073264	0.028136847205739078	-0.26494860511790763	5.860076355691434	0.009288211068593849
7600	-5573.726530157041	-5509.605041050043	-64.12148910699837	-1396.38427858301	-975.478484469042	-2183.637863980003	-954.1044140179879	53.040538952847704	302.91633878967343	0.5518570905016871	0.25126508097693834	2.667969791691517	0.4691597878424245	0.6654781159953723	1.0	2.2987678529746116	0.25254899240843115	2.434016283029417	2.0	9.459853547976742	15.240750767427318	-43.717577148820105	0.028136847205739078	-0.23530925431234265	6.068985149371496	0.009288211068593849
7700	-5572.641255504386	-5508.302205081914	-64.33905042247233	-1396.5842059804258	-974.9771433259634	-2184.830799993994	-951.9100557815303	54.50344416478871	308.5368983148051	0.5518570905016871	0.25126508097693834	2.667969791691517	0.4691597878424245	0.6654781159953723	1.0	2.2987678529746116	0.25254899240843115	2.434016283029417	2.0	9.459853547976742	15.240750767427318	-43.86466371424675	0.028136847205739078	-0.3057840043596527	6.19999081443272	0.009288211068593849
7800	-5577.687568695772	-5513.259891159414	-64.42767753635785	-1395.18441370137	-977.7681407542029	-2186.5709778926757	-953.7363588111658	50.97203801383514	292.0345301293539	0.5518570905016871	0.25126508097693834	2.667969791691517	0.4691597878424245	0.6654781159953723	1.0	2.2987678529746116	0.25254899240843115	2.434016283029417	2.0	9.459853547976742	15.240750767427318	-43.40358268822066	0.046714093379631984	-0.3490146341582671	6.248216922784829	0.009288211068593849
7900	-5571.724605019337	-5507.424475124319	-64.3001298950181	-1394.5958394869785	-976.2333467084095	-2183.583904382614	-953.0113845463162	53.7478909750484	303.29775938643985	0.5518570905016871	0.25126508097693834	2.667969791691517	0.4691597878424245	0.6654781159953723	1.0	2.2987678529746116	0.25254899240843115	2.434016283029417	2.0	9.459853547976742	15.240750767427318	-43.554455936824695	0.037596519409089355	-0.2875201547350835	5.824317328557487	0.009288211068593849
8000	-5574.7505387533565	-5509.846842972677	-64.90369578067896	-1394.913457208009	-977.4677299172752	-2184.5099687725715	-952.9556870748214	51.39673565025183	288.3145746041423	0.5518570905016871	0.25126508097693834	2.667969791691517	0.4691597878424245	0.6654781159953723	1.0	2.2987678529746116	0.25254899240843115	2.434016283029417	2.0	9.459853547976742	15.240750767427318	-44.93023746840008	0.018381786101476005	-0.23015936100401177	6.0467333305002136	0.009288211068593849
8100	-5571.6386936745785	-5506.753837945262	-64.88485572931668	-1399.671667288988	-974.6445157820559	-2179.065771609489	-953.3718832647289	54.46103258701525	287.0889347608009	0.5518570905016871	0.25126508097693834	2.667969791691517	0.4691597878424245	0.6654781159953723	1.0	2.2987678529746116	0.25254899240843115	2.434016283029417	2.0	9.459853547976742	15.240750767427318	-44.90653979979086	0.018381786101476005	-0.2350169782509573	6.067917691385345	0.009288211068593849
8200	-5571.798121754167	-5508.435382609341	-63.36273914482639	-1397.7484821386465	-976.6533607083528	-2178.924349391667	-955.1091903706745	48.87608535454211	269.9111074282992	0.5518570905016871	0.25126508097693834	2.667969791691517	0.4691597878424245	0.6654781159953723	1.0	2.2987678529746116	0.25254899240843115	2.434016283029417	2.0	9.459853547976742	15.240750767427318	-42.42816708380106	0.047606201781168554	-0.24059273438281376	6.086027268171454	0.009288211068593849
8300	-5575.706236409605	-5511.2195325887715	-64.48670382083345	-1394.9252382441314	-975.0349723340254	-2185.2167874301817	-956.042534580433	54.19834786606131	301.5627335264515	0.5518570905016871	0.25126508097693834	2.667969791691517	0.4691597878424245	0.6654781159953723	1.0	2.2987678529746116	0.25254899240843115	2.434016283029417	2.0	9.459853547976742	15.240750767427318	-44.210534778219994	0.023135889111120987	-0.30307059751518983	6.196569637622984	0.009288211068593849
8400	-5572.571826640082	-5508.466368708954	-64.10545793112786	-1397.4483837881758	-974.671706097557	-2181.6628659166504	-954.6834129065705	51.81243692924366	285.97645245818876	0.5518570905016871	0.25126508097693834	2.667969791691517	0.4691597878424245	0.6654781159953723	1.0	2.2987678529746116	0.25254899240843115	2.434016283029417	2.0	9.459853547976742	15.240750767427318	-43.87261867207422	0.023135889111120987	-0.2597408139553799	5.869712891446136	0.009288211068593849
8500	-5570.244155171942	-5505.961056422434	-64.28309874950801	-1397.1354696416977	-974.1154158471174	-2180.8271360595336	-953.8830348740854	55.197535434640244	296.6225794242928	0.5518570905016871	0.25126508097693834	2.667969791691517	0.4691597878424245	0.6654781159953723	1.0	2.2987678529746116	0.25254899240843115	2.434016283029417	2.0	9.459853547976742	15.240750767427318	-43.27901542194755	0.039592951770976895	-0.49423962767557034	6.366366124956199	0.009288211068593849
8600	-5571.918844333153	-5508.061074201798	-63.85777013135555	-1399.133362704267	-973.7885315784199	-2182.2374770628035	-952.901702856308	49.73959245372987	280.8511946046398	0.5518570905016871	0.25126508097693834	2.667969791691517	0.4691597878424245	0.6654781159953723	1.0	2.2987678529746116	0.25254899240843115	2.434016283029417	2.0	9.459853547976742	15.240750767427318	-42.74937519488183	0.039592951770976895	-0.5985512365888215	5.568282566981542	0.009288211068593849
8700	-5571.499715587306	-5506.789400076697	-64.71031551060834	-1397.4416864919315	-973.7400094104562	-2183.08608755839	-952.5216166159191	51.73221087109349	292.9822432304694	0.5518570905016871	0.25126508097693834	2.667969791691517	0.4691597878424245	0.6654781159953723	1.0	2.2987678529746116	0.25254899240843115	2.434016283029417	2.0	9.459853547976742	15.240750767427318	-44.21891982540379	0.02214069588969223	-0.5622219625359277	5.5898594083175865	0.009288211068593849
8800	-5573.460814834209	-5509.255323115569	-64.20549171863934	-1395.7459182887317	-974.6784445859237	-2184.7918919285676	-954.0390683123455	53.805327260852664	303.9566879640031	0.5518570905016871	0.25126508097693834	2.667969791691517	0.4691597878424245	0.6654781159953723	1.0	2.2987678529746116	0.25254899240843115	2.434016283029417	2.0	9.459853547976742	15.240750767427318	-43.583776007515205	0.03085267140962177	-0.3610591004734413	6.2600651339844635	0.009288211068593849
8900	-5577.283031259897	-5512.315340456336	-64.96769080356093	-1396.191739112492	-976.1373618094048	-2186.740541426085	-953.2456981083548	53.98979987997677	310.19582178125205	0.5518570905016871	0.25126508097693834	2.667969791691517	0.4691597878424245	0.6654781159953723	1.0	2.2987678529746116	0.25254899240843115	2.434016283029417	2.0	9.459853547976742	15.240750767427318	-44.25765964816569	0.024137867619239427	-0.694577280342682	6.484141470903885	0.009288211068593849
9000	-5578.793243059284	-5513.883225356056	-64.91001770322738	-1396.305550134766	-976.9733410427173	-2186.68832232055	-953.9160118580231	47.57880890755327	287.75051919774285	0.5518570905016871	0.25126508097693834	2.667969791691517	0.4691597878424245	0.6654781159953723	1.0	2.2987678529746116	0.25254899240843115	2.434016283029417	2.0	9.459853547976742	15.240750767427318	-43.511095251683614	0.05184422306662786	-0.6197436974179961	6.443819977453285	0.009288211068593849
9100	-5574.43967851289	-5509.191516344517	-65.24816216837313	-1395.2239656738914	-976.1471411175876	-2185.2192758763404	-952.6011336766983	52.99971534076666	299.1837563578663	0.5518570905016871	0.25126508097693834	2.667969791691517	0.4691597878424245	0.6654781159953723	1.0	2.2987678529746116	0.25254899240843115	2.434016283029417	2.0	9.459853547976742	15.240750767427318	-44.13703888366247	0.05184422306662786	-0.3319445305848969	6.230383569227679	0.009288211068593849
9200	-5573.913501406799	-5509.292015953104	-64.62148545369467	-1396.0038945068413	-975.630889416278	-2183.830429362398	-953.826802667587	48.505648592462556	285.38478901994176	0.5518570905016871	0.25126508097693834	2.667969791691517	0.4691597878424245	0.6654781159953723	1.0	2.2987678529746116	0.25254899240843115	2.434016283029417	2.0	9.459853547976742	15.240750767427318	-43.080459141118055	0.0440437564613359	-0.9247522064168525	5.408831304206606	0.009288211068593849
9300	-5575.165134094233	-5509.089548827219	-66.07558526701375	-1397.0788666243122	-976.365523471599	-2182.998851441343	-952.6463072899649	49.25489235199333	282.58332900888854	0.5518570905016871	0.25126508097693834	2.667969791691517	0.4691597878424245	0.6654781159953723	1.0	2.2987678529746116	0.25254899240843115	2.3601918522273415	2.0	9.459853547976742	15.240750767427318	-44.25265123786722	0.06342993166897808	-0.8705719317050846	6.567794231680966	0.009288211068593849
9400	-5571.674888110862	-5507.88222291161	-63.79266519925245	-1398.7250219188031	-976.2935882053407	-2178.485505316401	-954.3781074710658	54.59743090338095	291.20630922300734	0.5518570905016871	0.25126508097693834	2.667969791691517	0.4691597878424245	0.6654781159953723	1.0	2.2987678529746116	0.25254899240843115	2.3601918522273415	2.0	9.459853547976742	15.240750767427318	-43.09605964299575	0.03753938228059056	-0.2682900864035601	5.854228374230729	0.009288211068593849
9500	-5574.561400766681	-5510.854681526059	-63.70671924062207	-1398.8358468928116	-975.7462591723253	-2179.9762779460634	-956.2962975148589	51.62701435635942	290.0455496512369	0.5518570905016871	0.25126508097693834	2.667969791691517	0.4691597878424245	0.6654781159953723	1.0	2.2987678529746116	0.25254899240843115	2.3601918522273415	2.0	9.459853547976742	15.240750767427318	-43.043620272900796	0.03753938228059056	-0.23478349786814237	5.9329472400888115	0.009288211068593849
9600	-5574.512960320388	-5509.282439202369	-65.23052111801941	-1398.7737508728212	-975.2438845631912	-2180.0257375928327	-955.2390661735238	50.638647622962786	289.38594307692534	0.5518570905016871	0.25126508097693834	2.667969791691517	0.4691597878424245	0.6654781159953723	1.0	2.2987678529746116	0.25254899240843115	2.3601918522273415	2.0	9.459853547976742	15.240750767427318	-44.08954137848876	0.056362970619484164	-0.3066300503828364	5.798954361228465	0.009288211068593849
9700	-5573.561871737361	-5509.226519195935	-64.33535254142572	-1401.0089802151822	-975.0977501112702	-2178.0443511987587	-955.0754376707238	56.38649035922937	297.00012171741486	0.5518570905016871	0.25126508097693834	2.667969791691517	0.4691597878424245	0.6654781159953723	1.0	2.2987678529746116	0.25254899240843115	2.3601918522273415	2.0	9.459853547976742	15.240750767427318	-43.40567690005078	0.03164163811504577	-0.6721118135555328	5.5276016189111115	0.009288211068593849
9800	-5573.2151017368515	-5509.866768513406	-63.348333223445195	-1401.8052016302654	-976.4378133335559	-2177.5563840277828	-954.0673695218024	54.89406613608355	280.7100800080869	0.5518570905016871	0.25126508097693834	2.667969791691517	0.4691597878424245	0.6654781159953723	1.0	2.2987678529746116	0.25254899240843115	2.3601918522273415	2.0	9.459853547976742	15.240750767427318	-42.87267165996374	0.031235402849220627	-0.2310069770191209	5.9489332575231515	0.009288211068593849
9900	-5571.30113396742	-5506.747918393792	-64.5532155736283	-1398.9556813220906	-974.9566374204804	-2179.4960050163913	-953.3395946348289	57.85113693298392	298.12728297207093	0.5518570905016871	0.25126508097693834	2.667969791691517	0.4691597878424245	0.6654781159953723	1.0	2.2987678529746116	0.25254899240843115	2.3601918522273415	2.0	9.459853547976742	15.240750767427318	-43.4640396839403	0.031235402849220627	-0.8445213032256551	5.443794125084548	0.009288211068593849
10000	-5571.272939368258	-5507.992945381542	-63.27999398671611	-1400.0167693420342	-975.7571373748679	-2177.6089068179185	-954.6101318467215	50.42688836333767	270.9123879727742	0.5518570905016871	0.25126508097693834	2.667969791691517	0.4691597878424245	0.6654781159953723	1.0	2.2987678529746116	0.25254899240843115	2.3601918522273415	2.0	9.459853547976742	15.240750767427318	-42.59270646743965	0.031235402849220627	-0.4426329328141233	5.670726876157956	0.009288211068593849
